<?xml version="1.0" encoding="UTF-8" ?>
<testsuite errors="0" failures="0" hostname="manwe" name="hibernateonetomany.CertificateTest" skipped="0" tests="20" time="2.86" timestamp="2014-11-10T19:59:36">
  <properties>
    <property name="libs.jsp-compiler.javadoc" value="" />
    <property name="netbeans.autoupdate.country" value="PL" />
    <property name="nb.wait.for.caches" value="true" />
    <property name="javac.test.classpath" value="E:\Programy\NetBeans 8.0.1\java\modules\ext\hibernate4\antlr-2.7.7.jar;E:\Programy\NetBeans 8.0.1\java\modules\ext\hibernate4\c3p0-0.9.2.1.jar;E:\Programy\NetBeans 8.0.1\java\modules\ext\hibernate4\hibernate-c3p0-4.3.1.Final.jar;E:\Programy\NetBeans 8.0.1\java\modules\ext\hibernate4\mchange-commons-java-0.2.3.4.jar;E:\Programy\NetBeans 8.0.1\java\modules\ext\hibernate4\dom4j-1.6.1.jar;E:\Programy\NetBeans 8.0.1\java\modules\ext\hibernate4\ehcache-core-2.4.3.jar;E:\Programy\NetBeans 8.0.1\java\modules\ext\hibernate4\hibernate-ehcache-4.3.1.Final.jar;E:\Programy\NetBeans 8.0.1\java\modules\ext\hibernate4\hibernate-core-4.3.1.Final.jar;E:\Programy\NetBeans 8.0.1\java\modules\ext\hibernate4\jboss-logging-3.1.3.GA.jar;E:\Programy\NetBeans 8.0.1\java\modules\ext\hibernate4\hibernate-commons-annotations-4.0.4.Final.jar;E:\Programy\NetBeans 8.0.1\java\modules\ext\hibernate4\hibernate-entitymanager-4.3.1.Final.jar;E:\Programy\NetBeans 8.0.1\java\modules\ext\hibernate4\javassist-3.18.1-GA.jar;E:\Programy\NetBeans 8.0.1\java\modules\ext\hibernate4\jboss-transaction-api_1.2_spec-1.0.0.Final.jar;E:\Programy\NetBeans 8.0.1\java\modules\ext\hibernate4\slf4j-api-1.6.1.jar;E:\Programy\NetBeans 8.0.1\java\modules\ext\hibernate4\slf4j-simple-1.6.1.jar;E:\Programy\NetBeans 8.0.1\java\modules\ext\hibernate4\hibernate-jpa-2.1-api-1.0.0.Final.jar:build/classes:E:\Programy\NetBeans 8.0.1\platform\modules\ext\junit-4.10.jar" />
    <property name="libs.jsf20.maven-pom" value="" />
    <property name="libs.DataBindingME.src" value="E:\Programy\NetBeans 8.0.1\mobility\sources\netbeans_databindingme-src.zip" />
    <property name="libs.junit.javadoc" value="E:\Programy\NetBeans 8.0.1\java\docs\junit-3.8.2-api.zip" />
    <property name="libs.spring-webmvc4.0.src" value="" />
    <property name="ant.core.lib" value="E:\Programy\NetBeans 8.0.1\extide\ant\lib\ant.jar" />
    <property name="libs.SQLiteDriver.classpath" value="C:\Documents and Settings\Paweł\Dane aplikacji\NetBeans\8.0.1\modules\ext\sqlitejdbc-0.5.4.jar" />
    <property name="javadoc.windowtitle" value="" />
    <property name="libs.jsp-compilation.javadoc" value="" />
    <property name="user.dir" value="E:\Dokumenty\Paweł\NetBeansProjects\HibernateOneToMany" />
    <property name="libs.javaee-api-7.0.src" value="" />
    <property name="java.vm.version" value="24.65-b04" />
    <property name="libs.DataBindingME.classpath" value="E:\Programy\NetBeans 8.0.1\mobility\modules\ext\netbeans_databindingme.jar" />
    <property name="libs.j2me_common_ant.src" value="" />
    <property name="libs.MySQLDriver.classpath" value="E:\Programy\NetBeans 8.0.1\ide\modules\ext\mysql-connector-java-5.1.23-bin.jar" />
    <property name="libs.eclipselinkmodelgen.src" value="" />
    <property name="javadoc.notree" value="false" />
    <property name="ant.file.type.HibernateOneToMany-impl" value="file" />
    <property name="netbeans.autoupdate.version" value="1.23" />
    <property name="libs.javaee-web-api-6.0.classpath" value="E:\Programy\NetBeans 8.0.1\enterprise\modules\ext\javaee-web-api-6.0.jar" />
    <property name="libs.DataBindingME-PIM.maven-pom" value="" />
    <property name="libs.hibernate-support.maven-pom" value="" />
    <property name="libs.hibernate-support.javadoc" value="" />
    <property name="javac.profile.cmd.line.arg" value="" />
    <property name="jdk.home" value="E:\Programy\Java\jdk1.7.0_67" />
    <property name="libs.javac-api.src" value="" />
    <property name="javadoc.noindex" value="false" />
    <property name="libs.jpa2-persistence.classpath" value="E:\Programy\NetBeans 8.0.1\java\modules\ext\hibernate4\hibernate-jpa-2.1-api-1.0.0.Final.jar" />
    <property name="sun.os.patch.level" value="Dodatek Service Pack 3" />
    <property name="do.archive+manifest.available" value="true" />
    <property name="java.vm.specification.name" value="Java Virtual Machine Specification" />
    <property name="nb.show.statistics.ui" value="usageStatisticsEnabled" />
    <property name="netbeans.autoupdate.variant" value="" />
    <property name="have.tests" value="true" />
    <property name="org.xml.sax.driver" value="com.sun.org.apache.xerces.internal.jaxp.SAXParserImpl$JAXPSAXParser" />
    <property name="libs.javac-api.javadoc" value="" />
    <property name="os.name" value="Windows XP" />
    <property name="libs.beans-binding.classpath" value="E:\Programy\NetBeans 8.0.1\java\modules\ext\beansbinding-1.2.1.jar" />
    <property name="libs.javaee-endorsed-api-7.0.maven-pom" value="" />
    <property name="ap.proc.none.internal" value="" />
    <property name="libs.DataBindingME-SVG.javadoc" value="E:\Programy\NetBeans 8.0.1\mobility\modules\docs\netbeans_databindingme_svg-api.zip" />
    <property name="libs.restapi.javadoc" value="" />
    <property name="libs.JWSAntTasks.maven-pom" value="" />
    <property name="libs.jstl.classpath" value="E:\Programy\NetBeans 8.0.1\enterprise\modules\ext\jstl-impl.jar;E:\Programy\NetBeans 8.0.1\enterprise\modules\ext\jstl-api.jar" />
    <property name="libs.testng.src" value="" />
    <property name="libs.spring-webmvc3.0.src" value="" />
    <property name="libs.restapi.classpath" value="E:\Programy\NetBeans 8.0.1\enterprise\modules\ext\jaxrs-2.0\javax.ws.rs-api-2.0.jar" />
    <property name="java.vendor.url.bug" value="http://bugreport.sun.com/bugreport/" />
    <property name="libs.jaxb.maven-pom" value="" />
    <property name="os.arch" value="x86" />
    <property name="libs.eclipselink.src" value="" />
    <property name="user.name" value="Paweł" />
    <property name="libs.jsf12.javadoc" value="E:\Programy\NetBeans 8.0.1\enterprise\docs\javaee-doc-api.jar" />
    <property name="copylibs.rebase" value="true" />
    <property name="libs.j2me_common_ant.maven-pom" value="" />
    <property name="libs.spring-webmvc3.0.maven-pom" value="" />
    <property name="libs.swing-layout.maven-pom" value="" />
    <property name="sun.java.command" value="org.apache.tools.ant.taskdefs.optional.junit.JUnitTestRunner hibernateonetomany.CertificateTest skipNonTests=false filtertrace=true haltOnError=false haltOnFailure=false showoutput=true outputtoformatters=true logfailedtests=true threadid=0 logtestlistenerevents=true formatter=org.apache.tools.ant.taskdefs.optional.junit.BriefJUnitResultFormatter formatter=org.apache.tools.ant.taskdefs.optional.junit.XMLJUnitResultFormatter,E:\Dokumenty\Paweł\NetBeansProjects\HibernateOneToMany\build\test\results\TEST-hibernateonetomany.CertificateTest.xml crashfile=E:\Dokumenty\Paweł\NetBeansProjects\HibernateOneToMany\build\junitvmwatcher814235627273080669.properties propsfile=E:\Dokumenty\Paweł\NetBeansProjects\HibernateOneToMany\build\junit5541583534477756940.properties" />
    <property name="build.classes.dir" value="build/classes" />
    <property name="netbeans.accept_license_class" value="org.netbeans.license.AcceptLicense" />
    <property name="build.sysclasspath" value="ignore" />
    <property name="ap.supported.internal" value="true" />
    <property name="libs.javaee-endorsed-api-7.0.javadoc" value="E:\Programy\NetBeans 8.0.1\enterprise\docs\javaee-doc-api.jar" />
    <property name="libs.jaxws21.javadoc" value="E:\Programy\NetBeans 8.0.1\java\docs\jaxws-api-doc.zip" />
    <property name="libs.spring-webmvc4.0.javadoc" value="" />
    <property name="includes" value="**" />
    <property name="user.country" value="PL" />
    <property name="manifest.file" value="manifest.mf" />
    <property name="javadoc.encoding" value="UTF-8" />
    <property name="javac.classpath" value="E:\Programy\NetBeans 8.0.1\java\modules\ext\hibernate4\antlr-2.7.7.jar;E:\Programy\NetBeans 8.0.1\java\modules\ext\hibernate4\c3p0-0.9.2.1.jar;E:\Programy\NetBeans 8.0.1\java\modules\ext\hibernate4\hibernate-c3p0-4.3.1.Final.jar;E:\Programy\NetBeans 8.0.1\java\modules\ext\hibernate4\mchange-commons-java-0.2.3.4.jar;E:\Programy\NetBeans 8.0.1\java\modules\ext\hibernate4\dom4j-1.6.1.jar;E:\Programy\NetBeans 8.0.1\java\modules\ext\hibernate4\ehcache-core-2.4.3.jar;E:\Programy\NetBeans 8.0.1\java\modules\ext\hibernate4\hibernate-ehcache-4.3.1.Final.jar;E:\Programy\NetBeans 8.0.1\java\modules\ext\hibernate4\hibernate-core-4.3.1.Final.jar;E:\Programy\NetBeans 8.0.1\java\modules\ext\hibernate4\jboss-logging-3.1.3.GA.jar;E:\Programy\NetBeans 8.0.1\java\modules\ext\hibernate4\hibernate-commons-annotations-4.0.4.Final.jar;E:\Programy\NetBeans 8.0.1\java\modules\ext\hibernate4\hibernate-entitymanager-4.3.1.Final.jar;E:\Programy\NetBeans 8.0.1\java\modules\ext\hibernate4\javassist-3.18.1-GA.jar;E:\Programy\NetBeans 8.0.1\java\modules\ext\hibernate4\jboss-transaction-api_1.2_spec-1.0.0.Final.jar;E:\Programy\NetBeans 8.0.1\java\modules\ext\hibernate4\slf4j-api-1.6.1.jar;E:\Programy\NetBeans 8.0.1\java\modules\ext\hibernate4\slf4j-simple-1.6.1.jar;E:\Programy\NetBeans 8.0.1\java\modules\ext\hibernate4\hibernate-jpa-2.1-api-1.0.0.Final.jar" />
    <property name="libs.jsp-compilation-syscp.src" value="" />
    <property name="libs.JAVADB_DRIVER_LABEL.src" value="" />
    <property name="libs.spring-framework400.classpath" value="E:\Programy\NetBeans 8.0.1\ide\modules\org-apache-commons-logging.jar;E:\Programy\NetBeans 8.0.1\java\modules\ext\cglib-2.2.jar;E:\Programy\NetBeans 8.0.1\java\modules\ext\spring-4\spring-aop-4.0.1.RELEASE.jar;E:\Programy\NetBeans 8.0.1\java\modules\ext\spring-4\spring-aspects-4.0.1.RELEASE.jar;E:\Programy\NetBeans 8.0.1\java\modules\ext\spring-4\spring-beans-4.0.1.RELEASE.jar;E:\Programy\NetBeans 8.0.1\java\modules\ext\spring-4\spring-build-src-4.0.1.RELEASE.jar;E:\Programy\NetBeans 8.0.1\java\modules\ext\spring-4\spring-context-4.0.1.RELEASE.jar;E:\Programy\NetBeans 8.0.1\java\modules\ext\spring-4\spring-context-support-4.0.1.RELEASE.jar;E:\Programy\NetBeans 8.0.1\java\modules\ext\spring-4\spring-core-4.0.1.RELEASE.jar;E:\Programy\NetBeans 8.0.1\java\modules\ext\spring-4\spring-expression-4.0.1.RELEASE.jar;E:\Programy\NetBeans 8.0.1\java\modules\ext\spring-4\spring-framework-bom-4.0.1.RELEASE.jar;E:\Programy\NetBeans 8.0.1\java\modules\ext\spring-4\spring-instrument-4.0.1.RELEASE.jar;E:\Programy\NetBeans 8.0.1\java\modules\ext\spring-4\spring-instrument-tomcat-4.0.1.RELEASE.jar;E:\Programy\NetBeans 8.0.1\java\modules\ext\spring-4\spring-jdbc-4.0.1.RELEASE.jar;E:\Programy\NetBeans 8.0.1\java\modules\ext\spring-4\spring-jms-4.0.1.RELEASE.jar;E:\Programy\NetBeans 8.0.1\java\modules\ext\spring-4\spring-messaging-4.0.1.RELEASE.jar;E:\Programy\NetBeans 8.0.1\java\modules\ext\spring-4\spring-orm-4.0.1.RELEASE.jar;E:\Programy\NetBeans 8.0.1\java\modules\ext\spring-4\spring-oxm-4.0.1.RELEASE.jar;E:\Programy\NetBeans 8.0.1\java\modules\ext\spring-4\spring-test-4.0.1.RELEASE.jar;E:\Programy\NetBeans 8.0.1\java\modules\ext\spring-4\spring-tx-4.0.1.RELEASE.jar;E:\Programy\NetBeans 8.0.1\java\modules\ext\spring-4\spring-web-4.0.1.RELEASE.jar;E:\Programy\NetBeans 8.0.1\java\modules\ext\spring-4\spring-webmvc-4.0.1.RELEASE.jar;E:\Programy\NetBeans 8.0.1\java\modules\ext\spring-4\spring-webmvc-portlet-4.0.1.RELEASE.jar;E:\Programy\NetBeans 8.0.1\java\modules\ext\spring-4\spring-websocket-4.0.1.RELEASE.jar" />
    <property name="debug-transport" value="dt_shmem" />
    <property name="netbeans.home" value="E:\Programy\NetBeans 8.0.1\platform" />
    <property name="build.compiler.emacs" value="true" />
    <property name="libs.javaee-web-api-6.0.src" value="" />
    <property name="libs.ejb3-persistence.src" value="E:\Dokumenty\Paweł\NetBeansProjects\ejb3-persistence.jar" />
    <property name="libs.jsp-compilation-syscp.classpath" value="E:\Programy\NetBeans 8.0.1\extide\ant\lib\ant.jar;E:\Programy\NetBeans 8.0.1\enterprise\modules\ext\servlet3.1-jsp2.3-api.jar;E:\Programy\NetBeans 8.0.1\enterprise\modules\ext\glassfish-jspparser-4.0.jar;E:\Programy\NetBeans 8.0.1\enterprise\modules\ext\jstl-impl.jar;E:\Programy\NetBeans 8.0.1\enterprise\modules\ext\jsf-2_2\javax.faces.jar" />
    <property name="java.endorsed.dirs" value="E:\Programy\Java\jdk1.7.0_67\jre\lib\endorsed" />
    <property name="libs.groovy-all.src" value="" />
    <property name="netbeans.dynamic.classpath" value="E:\Programy\NetBeans 8.0.1\platform\core\core.jar;E:\Programy\NetBeans 8.0.1\platform\core\org-openide-filesystems.jar;E:\Programy\NetBeans 8.0.1\platform\core\locale\core_ja.jar;E:\Programy\NetBeans 8.0.1\platform\core\locale\core_pt_BR.jar;E:\Programy\NetBeans 8.0.1\platform\core\locale\core_ru.jar;E:\Programy\NetBeans 8.0.1\platform\core\locale\core_zh_CN.jar;E:\Programy\NetBeans 8.0.1\platform\core\locale\org-openide-filesystems_ja.jar;E:\Programy\NetBeans 8.0.1\platform\core\locale\org-openide-filesystems_pt_BR.jar;E:\Programy\NetBeans 8.0.1\platform\core\locale\org-openide-filesystems_ru.jar;E:\Programy\NetBeans 8.0.1\platform\core\locale\org-openide-filesystems_zh_CN.jar;E:\Programy\NetBeans 8.0.1\nb\core\org-netbeans-upgrader.jar;E:\Programy\NetBeans 8.0.1\nb\core\locale\core_nb.jar;E:\Programy\NetBeans 8.0.1\nb\core\locale\core_nb_ja.jar;E:\Programy\NetBeans 8.0.1\nb\core\locale\core_nb_pt_BR.jar;E:\Programy\NetBeans 8.0.1\nb\core\locale\core_nb_ru.jar;E:\Programy\NetBeans 8.0.1\nb\core\locale\core_nb_zh_CN.jar;E:\Programy\NetBeans 8.0.1\nb\core\locale\org-netbeans-upgrader_ja.jar;E:\Programy\NetBeans 8.0.1\nb\core\locale\org-netbeans-upgrader_pt_BR.jar;E:\Programy\NetBeans 8.0.1\nb\core\locale\org-netbeans-upgrader_ru.jar;E:\Programy\NetBeans 8.0.1\nb\core\locale\org-netbeans-upgrader_zh_CN.jar" />
    <property name="java.vm.specification.version" value="1.7" />
    <property name="libs.hibernate4-support.src" value="" />
    <property name="libs.primefaces.classpath" value="E:\Programy\NetBeans 8.0.1\enterprise\modules\ext\primefaces\primefaces-5.0.jar" />
    <property name="libs.javaee-api-6.0.classpath" value="E:\Programy\NetBeans 8.0.1\enterprise\modules\ext\javaee-api-6.0.jar" />
    <property name="libs.groovy-all.maven-pom" value="" />
    <property name="netbeans.productversion" value="NetBeans IDE 8.0.1 (Build 201408251540)" />
    <property name="libs.jaxws21.src" value="" />
    <property name="application.title" value="HibernateOneToMany" />
    <property name="ant.file.HibernateOneToMany-impl" value="E:\Dokumenty\Paweł\NetBeansProjects\HibernateOneToMany\nbproject\build-impl.xml" />
    <property name="do.archive" value="true" />
    <property name="netbeans.autoupdate.language" value="pl" />
    <property name="java.vendor" value="Oracle Corporation" />
    <property name="libs.javaee-api-6.0.javadoc" value="E:\Programy\NetBeans 8.0.1\enterprise\docs\javaee-doc-api.jar" />
    <property name="jar.index.metainf" value="false" />
    <property name="javac.debug" value="true" />
    <property name="javadoc.splitindex" value="true" />
    <property name="file.separator" value="\" />
    <property name="libs.junit_4.maven-pom" value="" />
    <property name="mkdist.disabled" value="false" />
    <property name="javac.test.processorpath" value="E:\Programy\NetBeans 8.0.1\java\modules\ext\hibernate4\antlr-2.7.7.jar;E:\Programy\NetBeans 8.0.1\java\modules\ext\hibernate4\c3p0-0.9.2.1.jar;E:\Programy\NetBeans 8.0.1\java\modules\ext\hibernate4\hibernate-c3p0-4.3.1.Final.jar;E:\Programy\NetBeans 8.0.1\java\modules\ext\hibernate4\mchange-commons-java-0.2.3.4.jar;E:\Programy\NetBeans 8.0.1\java\modules\ext\hibernate4\dom4j-1.6.1.jar;E:\Programy\NetBeans 8.0.1\java\modules\ext\hibernate4\ehcache-core-2.4.3.jar;E:\Programy\NetBeans 8.0.1\java\modules\ext\hibernate4\hibernate-ehcache-4.3.1.Final.jar;E:\Programy\NetBeans 8.0.1\java\modules\ext\hibernate4\hibernate-core-4.3.1.Final.jar;E:\Programy\NetBeans 8.0.1\java\modules\ext\hibernate4\jboss-logging-3.1.3.GA.jar;E:\Programy\NetBeans 8.0.1\java\modules\ext\hibernate4\hibernate-commons-annotations-4.0.4.Final.jar;E:\Programy\NetBeans 8.0.1\java\modules\ext\hibernate4\hibernate-entitymanager-4.3.1.Final.jar;E:\Programy\NetBeans 8.0.1\java\modules\ext\hibernate4\javassist-3.18.1-GA.jar;E:\Programy\NetBeans 8.0.1\java\modules\ext\hibernate4\jboss-transaction-api_1.2_spec-1.0.0.Final.jar;E:\Programy\NetBeans 8.0.1\java\modules\ext\hibernate4\slf4j-api-1.6.1.jar;E:\Programy\NetBeans 8.0.1\java\modules\ext\hibernate4\slf4j-simple-1.6.1.jar;E:\Programy\NetBeans 8.0.1\java\modules\ext\hibernate4\hibernate-jpa-2.1-api-1.0.0.Final.jar:build/classes:E:\Programy\NetBeans 8.0.1\platform\modules\ext\junit-4.10.jar" />
    <property name="netbeans.buildnumber" value="201408251540" />
    <property name="libs.JWSAntTasks.javadoc" value="" />
    <property name="build.generated.sources.dir" value="build/generated-sources" />
    <property name="user.variant" value="" />
    <property name="libs.eclipselinkmodelgen.classpath" value="E:\Programy\NetBeans 8.0.1\java\modules\ext\eclipselink\org.eclipse.persistence.jpa.modelgen_2.5.2.v20140319-9ad6abd.jar" />
    <property name="libs.javaee-endorsed-api-7.0.src" value="" />
    <property name="sun.java.launcher" value="SUN_STANDARD" />
    <property name="libs.junit.classpath" value="E:\Programy\NetBeans 8.0.1\java\modules\ext\junit-3.8.2.jar" />
    <property name="libs.hibernate4-persistencemodelgen.javadoc" value="" />
    <property name="libs.jaxb.javadoc" value="E:\Programy\NetBeans 8.0.1\ide\docs\jaxb-api-doc.zip" />
    <property name="libs.struts.classpath" value="E:\Programy\NetBeans 8.0.1\enterprise\modules\ext\struts\antlr-2.7.2.jar;E:\Programy\NetBeans 8.0.1\enterprise\modules\ext\struts\bsf-2.3.0.jar;E:\Programy\NetBeans 8.0.1\enterprise\modules\ext\struts\commons-beanutils-1.8.0.jar;E:\Programy\NetBeans 8.0.1\enterprise\modules\ext\struts\commons-chain-1.2.jar;E:\Programy\NetBeans 8.0.1\enterprise\modules\ext\struts\commons-digester-1.8.jar;E:\Programy\NetBeans 8.0.1\enterprise\modules\ext\struts\commons-fileupload-1.1.1.jar;E:\Programy\NetBeans 8.0.1\enterprise\modules\ext\struts\commons-io-1.1.jar;E:\Programy\NetBeans 8.0.1\enterprise\modules\ext\struts\commons-logging-1.0.4.jar;E:\Programy\NetBeans 8.0.1\enterprise\modules\ext\struts\commons-validator-1.3.1.jar;E:\Programy\NetBeans 8.0.1\enterprise\modules\ext\struts\jstl-1.0.2.jar;E:\Programy\NetBeans 8.0.1\enterprise\modules\ext\struts\oro-2.0.8.jar;E:\Programy\NetBeans 8.0.1\enterprise\modules\ext\struts\standard-1.0.6.jar;E:\Programy\NetBeans 8.0.1\enterprise\modules\ext\struts\struts-core-1.3.10.jar;E:\Programy\NetBeans 8.0.1\enterprise\modules\ext\struts\struts-el-1.3.10.jar;E:\Programy\NetBeans 8.0.1\enterprise\modules\ext\struts\struts-extras-1.3.10.jar;E:\Programy\NetBeans 8.0.1\enterprise\modules\ext\struts\struts-faces-1.3.10.jar;E:\Programy\NetBeans 8.0.1\enterprise\modules\ext\struts\struts-mailreader-dao-1.3.10.jar;E:\Programy\NetBeans 8.0.1\enterprise\modules\ext\struts\struts-scripting-1.3.10.jar;E:\Programy\NetBeans 8.0.1\enterprise\modules\ext\struts\struts-taglib-1.3.10.jar;E:\Programy\NetBeans 8.0.1\enterprise\modules\ext\struts\struts-tiles-1.3.10.jar" />
    <property name="ant.home" value="E:\Programy\NetBeans 8.0.1\extide\ant" />
    <property name="libs.junit_4.src" value="E:\Programy\NetBeans 8.0.1\java\docs\junit-4.10-sources.jar" />
    <property name="libs.testng.classpath" value="E:\Programy\NetBeans 8.0.1\platform\modules\ext\testng-6.8.1-dist.jar" />
    <property name="libs.absolutelayout.maven-pom" value="" />
    <property name="ant.java.version" value="1.7" />
    <property name="java.library.path" value="E:\Programy\Java\jdk1.7.0_67\jre\bin;C:\WINDOWS\Sun\Java\bin;C:\WINDOWS\system32;C:\WINDOWS;E:\Programy\OCaml\emacs-23.3\bin;E:\Programy\OCaml\bin;C:\WINDOWS\system32;C:\WINDOWS;C:\WINDOWS\system32\WBEM;C:\OpenSSH\bin;C:\Program Files\Microsoft SQL Server\100\Tools\Binn\;C:\Program Files\Microsoft SQL Server\100\DTS\Binn\;E:\Programy\RIDE\Bin;E:\Programy\SDCC\bin;." />
    <property name="javadoc.author" value="false" />
    <property name="libs.metro.maven-pom" value="" />
    <property name="java.util.logging.config.class" value="org.netbeans.core.startup.TopLogging" />
    <property name="libs.spring-framework400.src" value="" />
    <property name="libs.PostgreSQLDriver.src" value="" />
    <property name="sun.arch.data.model" value="32" />
    <property name="basedir" value="E:\Dokumenty\Paweł\NetBeansProjects\HibernateOneToMany" />
    <property name="libs.jpa20-persistence.maven-pom" value="" />
    <property name="jar.compress" value="false" />
    <property name="libs.javaee-web-api-7.0.classpath" value="E:\Programy\NetBeans 8.0.1\enterprise\modules\ext\javaee-web-api-7.0.jar" />
    <property name="path.separator" value=";" />
    <property name="ant.file.HibernateOneToMany" value="E:\Dokumenty\Paweł\NetBeansProjects\HibernateOneToMany\build.xml" />
    <property name="libs.javaee-web-api-6.0.javadoc" value="E:\Programy\NetBeans 8.0.1\enterprise\docs\javaee-doc-api.jar" />
    <property name="ant.junit.enabletestlistenerevents" value="true" />
    <property name="sun.io.unicode.encoding" value="UnicodeLittle" />
    <property name="libs.jaxws21.classpath" value="E:\Programy\NetBeans 8.0.1\ide\modules\ext\jaxb\jaxb-impl.jar;E:\Programy\NetBeans 8.0.1\ide\modules\ext\jaxb\jaxb-xjc.jar;E:\Programy\NetBeans 8.0.1\java\modules\ext\jaxws22\FastInfoset.jar;E:\Programy\NetBeans 8.0.1\java\modules\ext\jaxws22\gmbal-api-only.jar;E:\Programy\NetBeans 8.0.1\java\modules\ext\jaxws22\ha-api.jar;E:\Programy\NetBeans 8.0.1\java\modules\ext\jaxws22\javax.mail_1.4.jar;E:\Programy\NetBeans 8.0.1\java\modules\ext\jaxws22\jaxws-rt.jar;E:\Programy\NetBeans 8.0.1\java\modules\ext\jaxws22\jaxws-tools.jar;E:\Programy\NetBeans 8.0.1\java\modules\ext\jaxws22\management-api.jar;E:\Programy\NetBeans 8.0.1\java\modules\ext\jaxws22\mimepull.jar;E:\Programy\NetBeans 8.0.1\java\modules\ext\jaxws22\policy.jar;E:\Programy\NetBeans 8.0.1\java\modules\ext\jaxws22\saaj-impl.jar;E:\Programy\NetBeans 8.0.1\java\modules\ext\jaxws22\stax-ex.jar;E:\Programy\NetBeans 8.0.1\java\modules\ext\jaxws22\stax2-api.jar;E:\Programy\NetBeans 8.0.1\java\modules\ext\jaxws22\streambuffer.jar;E:\Programy\NetBeans 8.0.1\java\modules\ext\jaxws22\woodstox-core-asl.jar;E:\Programy\NetBeans 8.0.1\java\modules\ext\jaxws22\api\jaxws-api.jar;E:\Programy\NetBeans 8.0.1\java\modules\ext\jaxws22\api\jsr181-api.jar;E:\Programy\NetBeans 8.0.1\java\modules\ext\jaxws22\api\javax.annotation.jar;E:\Programy\NetBeans 8.0.1\java\modules\ext\jaxws22\api\saaj-api.jar;E:\Programy\NetBeans 8.0.1\ide\modules\ext\jaxb\activation.jar;E:\Programy\NetBeans 8.0.1\ide\modules\ext\jaxb\api\jaxb-api.jar;E:\Programy\NetBeans 8.0.1\ide\modules\ext\jaxb\api\jsr173_1.0_api.jar" />
    <property name="libs.struts.src" value="" />
    <property name="compile.on.save" value="true" />
    <property name="apple.awt.graphics.UseQuartz" value="true" />
    <property name="user.language" value="pl" />
    <property name="testng.mode" value="testng" />
    <property name="libs.JAXB-ENDORSED.maven-pom" value="" />
    <property name="libs.eclipselink.maven-pom" value="" />
    <property name="application.vendor" value="Paweł" />
    <property name="test.binaryincludes" value="&lt;nothing&gt;" />
    <property name="manifest.available" value="true" />
    <property name="libs.primefaces.javadoc" value="" />
    <property name="libs.spring-framework300.maven-pom" value="" />
    <property name="run.test.classpath" value="E:\Programy\NetBeans 8.0.1\java\modules\ext\hibernate4\antlr-2.7.7.jar;E:\Programy\NetBeans 8.0.1\java\modules\ext\hibernate4\c3p0-0.9.2.1.jar;E:\Programy\NetBeans 8.0.1\java\modules\ext\hibernate4\hibernate-c3p0-4.3.1.Final.jar;E:\Programy\NetBeans 8.0.1\java\modules\ext\hibernate4\mchange-commons-java-0.2.3.4.jar;E:\Programy\NetBeans 8.0.1\java\modules\ext\hibernate4\dom4j-1.6.1.jar;E:\Programy\NetBeans 8.0.1\java\modules\ext\hibernate4\ehcache-core-2.4.3.jar;E:\Programy\NetBeans 8.0.1\java\modules\ext\hibernate4\hibernate-ehcache-4.3.1.Final.jar;E:\Programy\NetBeans 8.0.1\java\modules\ext\hibernate4\hibernate-core-4.3.1.Final.jar;E:\Programy\NetBeans 8.0.1\java\modules\ext\hibernate4\jboss-logging-3.1.3.GA.jar;E:\Programy\NetBeans 8.0.1\java\modules\ext\hibernate4\hibernate-commons-annotations-4.0.4.Final.jar;E:\Programy\NetBeans 8.0.1\java\modules\ext\hibernate4\hibernate-entitymanager-4.3.1.Final.jar;E:\Programy\NetBeans 8.0.1\java\modules\ext\hibernate4\javassist-3.18.1-GA.jar;E:\Programy\NetBeans 8.0.1\java\modules\ext\hibernate4\jboss-transaction-api_1.2_spec-1.0.0.Final.jar;E:\Programy\NetBeans 8.0.1\java\modules\ext\hibernate4\slf4j-api-1.6.1.jar;E:\Programy\NetBeans 8.0.1\java\modules\ext\hibernate4\slf4j-simple-1.6.1.jar;E:\Programy\NetBeans 8.0.1\java\modules\ext\hibernate4\hibernate-jpa-2.1-api-1.0.0.Final.jar:build/classes:E:\Programy\NetBeans 8.0.1\platform\modules\ext\junit-4.10.jar:build/test/classes" />
    <property name="ant.project.invoked-targets" value="test" />
    <property name="test.binaryexcludes" value="" />
    <property name="libs.swing-layout.javadoc" value="E:\Programy\NetBeans 8.0.1\platform\docs\swing-layout-1.0.4-doc.zip" />
    <property name="sun.java2d.dpiaware" value="true" />
    <property name="libs.hibernate4-persistence.maven-pom" value="" />
    <property name="libs.ejb3-persistence.maven-pom" value="" />
    <property name="libs.DataBindingME-SVG.classpath" value="E:\Programy\NetBeans 8.0.1\mobility\modules\ext\netbeans_databindingme_svg.jar" />
    <property name="https.nonProxyHosts" value="localhost|127.0.0.1|manwe" />
    <property name="libs.PostgreSQLDriver.maven-pom" value="" />
    <property name="java.class.version" value="51.0" />
    <property name="libs.JAVADB_DRIVER_LABEL.classpath" value="E:\Programy\Java\jdk1.7.0_67\db\lib\derby.jar;E:\Programy\Java\jdk1.7.0_67\db\lib\derbyclient.jar;E:\Programy\Java\jdk1.7.0_67\db\lib\derbynet.jar" />
    <property name="libs.hibernate4-persistencemodelgen.maven-pom" value="" />
    <property name="libs.javaee-endorsed-api-6.0.src" value="" />
    <property name="libs.eclipselink.javadoc" value="E:\Programy\NetBeans 8.0.1\java\modules\ext\docs\javax.persistence-2.1.0-doc.zip" />
    <property name="libs.jsp-compilation.maven-pom" value="" />
    <property name="user.properties.file" value="C:\Documents and Settings\Paweł\Dane aplikacji\NetBeans\8.0.1\build.properties" />
    <property name="runtime.encoding" value="UTF-8" />
    <property name="libs.javac-api.maven-pom" value="" />
    <property name="file.encoding.pkg" value="sun.io" />
    <property name="sun.cpu.endian" value="little" />
    <property name="libs.JAXB-ENDORSED.javadoc" value="" />
    <property name="libs.JWSAntTasks.classpath" value="E:\Programy\NetBeans 8.0.1\java\ant\extra\org-netbeans-modules-javawebstart-anttasks.jar" />
    <property name="libs.spring-webmvc4.0.maven-pom" value="" />
    <property name="libs.spring-framework300.src" value="" />
    <property name="libs.jstl.src" value="" />
    <property name="empty.dir" value="E:\Dokumenty\Paweł\NetBeansProjects\HibernateOneToMany\build\empty" />
    <property name="version-output" value="java version &quot;1.7" />
    <property name="test.binarytestincludes" value="" />
    <property name="libs.hibernate4-persistencemodelgen.src" value="" />
    <property name="javadoc.preview" value="true" />
    <property name="ant.file.type.HibernateOneToMany" value="file" />
    <property name="libs.jpa20-persistence.javadoc" value="E:\Programy\NetBeans 8.0.1\java\modules\ext\docs\javax.persistence-2.1.0-doc.zip" />
    <property name="java.home" value="E:\Programy\Java\jdk1.7.0_67\jre" />
    <property name="libs.jsp-compilation.src" value="" />
    <property name="debug.test.classpath" value="E:\Programy\NetBeans 8.0.1\java\modules\ext\hibernate4\antlr-2.7.7.jar;E:\Programy\NetBeans 8.0.1\java\modules\ext\hibernate4\c3p0-0.9.2.1.jar;E:\Programy\NetBeans 8.0.1\java\modules\ext\hibernate4\hibernate-c3p0-4.3.1.Final.jar;E:\Programy\NetBeans 8.0.1\java\modules\ext\hibernate4\mchange-commons-java-0.2.3.4.jar;E:\Programy\NetBeans 8.0.1\java\modules\ext\hibernate4\dom4j-1.6.1.jar;E:\Programy\NetBeans 8.0.1\java\modules\ext\hibernate4\ehcache-core-2.4.3.jar;E:\Programy\NetBeans 8.0.1\java\modules\ext\hibernate4\hibernate-ehcache-4.3.1.Final.jar;E:\Programy\NetBeans 8.0.1\java\modules\ext\hibernate4\hibernate-core-4.3.1.Final.jar;E:\Programy\NetBeans 8.0.1\java\modules\ext\hibernate4\jboss-logging-3.1.3.GA.jar;E:\Programy\NetBeans 8.0.1\java\modules\ext\hibernate4\hibernate-commons-annotations-4.0.4.Final.jar;E:\Programy\NetBeans 8.0.1\java\modules\ext\hibernate4\hibernate-entitymanager-4.3.1.Final.jar;E:\Programy\NetBeans 8.0.1\java\modules\ext\hibernate4\javassist-3.18.1-GA.jar;E:\Programy\NetBeans 8.0.1\java\modules\ext\hibernate4\jboss-transaction-api_1.2_spec-1.0.0.Final.jar;E:\Programy\NetBeans 8.0.1\java\modules\ext\hibernate4\slf4j-api-1.6.1.jar;E:\Programy\NetBeans 8.0.1\java\modules\ext\hibernate4\slf4j-simple-1.6.1.jar;E:\Programy\NetBeans 8.0.1\java\modules\ext\hibernate4\hibernate-jpa-2.1-api-1.0.0.Final.jar:build/classes:E:\Programy\NetBeans 8.0.1\platform\modules\ext\junit-4.10.jar:build/test/classes" />
    <property name="libs.javaee-endorsed-api-6.0.classpath" value="E:\Programy\NetBeans 8.0.1\enterprise\modules\ext\javaee6-endorsed\javax.annotation.jar;E:\Programy\NetBeans 8.0.1\enterprise\modules\ext\javaee6-endorsed\jaxb-api-osgi.jar;E:\Programy\NetBeans 8.0.1\enterprise\modules\ext\javaee6-endorsed\webservices-api-osgi.jar" />
    <property name="libs.javaee-api-6.0.src" value="" />
    <property name="netbeans.importclass" value="org.netbeans.upgrade.AutoUpgrade" />
    <property name="ant.project.default-target" value="default" />
    <property name="annotation.processing.run.all.processors" value="true" />
    <property name="libs.DataBindingME.maven-pom" value="" />
    <property name="libs.PostgreSQLDriver.javadoc" value="" />
    <property name="libs.restlib.classpath" value="E:\Programy\NetBeans 8.0.1\enterprise\modules\ext\jersey2\ext\asm-all-repackaged-2.2.0-b21.jar;E:\Programy\NetBeans 8.0.1\enterprise\modules\ext\jersey2\ext\cglib-2.2.0-b21.jar;E:\Programy\NetBeans 8.0.1\enterprise\modules\ext\jersey2\ext\guava-14.0.1.jar;E:\Programy\NetBeans 8.0.1\enterprise\modules\ext\jersey2\ext\hk2-api-2.2.0-b21.jar;E:\Programy\NetBeans 8.0.1\enterprise\modules\ext\jersey2\ext\hk2-locator-2.2.0-b21.jar;E:\Programy\NetBeans 8.0.1\enterprise\modules\ext\jersey2\ext\hk2-utils-2.2.0-b21.jar;E:\Programy\NetBeans 8.0.1\enterprise\modules\ext\jersey2\ext\javax.annotation-api-1.2.jar;E:\Programy\NetBeans 8.0.1\enterprise\modules\ext\jersey2\ext\javax.inject-2.2.0-b21.jar;E:\Programy\NetBeans 8.0.1\enterprise\modules\ext\jersey2\ext\javax.servlet-api-3.0.1.jar;E:\Programy\NetBeans 8.0.1\enterprise\modules\ext\jersey2\ext\jaxb-api-2.2.7.jar;E:\Programy\NetBeans 8.0.1\enterprise\modules\ext\jersey2\ext\jersey-entity-filtering-2.5.1.jar;E:\Programy\NetBeans 8.0.1\enterprise\modules\ext\jersey2\ext\jersey-media-moxy-2.5.1.jar;E:\Programy\NetBeans 8.0.1\enterprise\modules\ext\jersey2\ext\org.osgi.core-4.2.0.jar;E:\Programy\NetBeans 8.0.1\enterprise\modules\ext\jersey2\ext\osgi-resource-locator-1.0.1.jar;E:\Programy\NetBeans 8.0.1\enterprise\modules\ext\jersey2\ext\persistence-api-1.0.jar;E:\Programy\NetBeans 8.0.1\enterprise\modules\ext\jersey2\ext\validation-api-1.1.0.Final.jar;E:\Programy\NetBeans 8.0.1\enterprise\modules\ext\jersey2\jersey-client.jar;E:\Programy\NetBeans 8.0.1\enterprise\modules\ext\jersey2\jersey-common.jar;E:\Programy\NetBeans 8.0.1\enterprise\modules\ext\jersey2\jersey-container-servlet.jar;E:\Programy\NetBeans 8.0.1\enterprise\modules\ext\jersey2\jersey-container-servlet-core.jar;E:\Programy\NetBeans 8.0.1\enterprise\modules\ext\jersey2\jersey-server.jar;E:\Programy\NetBeans 8.0.1\java\modules\ext\eclipselink\eclipselink.jar" />
    <property name="libs.MySQLDriver.maven-pom" value="" />
    <property name="libs.hibernate4-persistence.javadoc" value="E:\Programy\NetBeans 8.0.1\java\modules\ext\docs\javax.persistence-2.1.0-doc.zip" />
    <property name="http.nonProxyHosts" value="localhost|127.0.0.1|manwe" />
    <property name="libs.junit_4.javadoc" value="E:\Programy\NetBeans 8.0.1\java\docs\junit-4.10-javadoc.jar" />
    <property name="libs.javaee-web-api-6.0.maven-pom" value="" />
    <property name="run.classpath" value="E:\Programy\NetBeans 8.0.1\java\modules\ext\hibernate4\antlr-2.7.7.jar;E:\Programy\NetBeans 8.0.1\java\modules\ext\hibernate4\c3p0-0.9.2.1.jar;E:\Programy\NetBeans 8.0.1\java\modules\ext\hibernate4\hibernate-c3p0-4.3.1.Final.jar;E:\Programy\NetBeans 8.0.1\java\modules\ext\hibernate4\mchange-commons-java-0.2.3.4.jar;E:\Programy\NetBeans 8.0.1\java\modules\ext\hibernate4\dom4j-1.6.1.jar;E:\Programy\NetBeans 8.0.1\java\modules\ext\hibernate4\ehcache-core-2.4.3.jar;E:\Programy\NetBeans 8.0.1\java\modules\ext\hibernate4\hibernate-ehcache-4.3.1.Final.jar;E:\Programy\NetBeans 8.0.1\java\modules\ext\hibernate4\hibernate-core-4.3.1.Final.jar;E:\Programy\NetBeans 8.0.1\java\modules\ext\hibernate4\jboss-logging-3.1.3.GA.jar;E:\Programy\NetBeans 8.0.1\java\modules\ext\hibernate4\hibernate-commons-annotations-4.0.4.Final.jar;E:\Programy\NetBeans 8.0.1\java\modules\ext\hibernate4\hibernate-entitymanager-4.3.1.Final.jar;E:\Programy\NetBeans 8.0.1\java\modules\ext\hibernate4\javassist-3.18.1-GA.jar;E:\Programy\NetBeans 8.0.1\java\modules\ext\hibernate4\jboss-transaction-api_1.2_spec-1.0.0.Final.jar;E:\Programy\NetBeans 8.0.1\java\modules\ext\hibernate4\slf4j-api-1.6.1.jar;E:\Programy\NetBeans 8.0.1\java\modules\ext\hibernate4\slf4j-simple-1.6.1.jar;E:\Programy\NetBeans 8.0.1\java\modules\ext\hibernate4\hibernate-jpa-2.1-api-1.0.0.Final.jar:build/classes" />
    <property name="libs.hibernate-support.src" value="E:\Dokumenty\Paweł\NetBeansProjects\hibernate-support-1.0-alpha-1.jar" />
    <property name="jna.boot.library.name" value="jnidispatch-410" />
    <property name="libs.javaee-endorsed-api-6.0.javadoc" value="E:\Programy\NetBeans 8.0.1\enterprise\docs\javaee-doc-api.jar" />
    <property name="libs.javaee-api-7.0.classpath" value="E:\Programy\NetBeans 8.0.1\enterprise\modules\ext\javaee-api-7.0.jar" />
    <property name="sun.awt.datatransfer.timeout" value="1000" />
    <property name="libs.spring-webmvc3.0.javadoc" value="" />
    <property name="libs.jpa2-persistence.maven-pom" value="" />
    <property name="annotation.processing.enabled.in.editor" value="false" />
    <property name="libs.hibernate4-support.classpath" value="E:\Programy\NetBeans 8.0.1\java\modules\ext\hibernate4\antlr-2.7.7.jar;E:\Programy\NetBeans 8.0.1\java\modules\ext\hibernate4\c3p0-0.9.2.1.jar;E:\Programy\NetBeans 8.0.1\java\modules\ext\hibernate4\hibernate-c3p0-4.3.1.Final.jar;E:\Programy\NetBeans 8.0.1\java\modules\ext\hibernate4\mchange-commons-java-0.2.3.4.jar;E:\Programy\NetBeans 8.0.1\java\modules\ext\hibernate4\dom4j-1.6.1.jar;E:\Programy\NetBeans 8.0.1\java\modules\ext\hibernate4\ehcache-core-2.4.3.jar;E:\Programy\NetBeans 8.0.1\java\modules\ext\hibernate4\hibernate-ehcache-4.3.1.Final.jar;E:\Programy\NetBeans 8.0.1\java\modules\ext\hibernate4\hibernate-core-4.3.1.Final.jar;E:\Programy\NetBeans 8.0.1\java\modules\ext\hibernate4\jboss-logging-3.1.3.GA.jar;E:\Programy\NetBeans 8.0.1\java\modules\ext\hibernate4\hibernate-commons-annotations-4.0.4.Final.jar;E:\Programy\NetBeans 8.0.1\java\modules\ext\hibernate4\hibernate-entitymanager-4.3.1.Final.jar;E:\Programy\NetBeans 8.0.1\java\modules\ext\hibernate4\javassist-3.18.1-GA.jar;E:\Programy\NetBeans 8.0.1\java\modules\ext\hibernate4\jboss-transaction-api_1.2_spec-1.0.0.Final.jar;E:\Programy\NetBeans 8.0.1\java\modules\ext\hibernate4\slf4j-api-1.6.1.jar;E:\Programy\NetBeans 8.0.1\java\modules\ext\hibernate4\slf4j-simple-1.6.1.jar" />
    <property name="nb.native.filechooser" value="false" />
    <property name="libs.restapi.src" value="" />
    <property name="sun.management.compiler" value="HotSpot Client Compiler" />
    <property name="libs.j2me_common_ant.javadoc" value="" />
    <property name="javac.deprecation" value="false" />
    <property name="javadoc.use" value="true" />
    <property name="sun.java2d.noddraw" value="true" />
    <property name="libs.jsp-compiler.classpath" value="E:\Programy\NetBeans 8.0.1\enterprise\ant\extra\jspcompile.jar" />
    <property name="javac.processorpath" value="E:\Programy\NetBeans 8.0.1\java\modules\ext\hibernate4\antlr-2.7.7.jar;E:\Programy\NetBeans 8.0.1\java\modules\ext\hibernate4\c3p0-0.9.2.1.jar;E:\Programy\NetBeans 8.0.1\java\modules\ext\hibernate4\hibernate-c3p0-4.3.1.Final.jar;E:\Programy\NetBeans 8.0.1\java\modules\ext\hibernate4\mchange-commons-java-0.2.3.4.jar;E:\Programy\NetBeans 8.0.1\java\modules\ext\hibernate4\dom4j-1.6.1.jar;E:\Programy\NetBeans 8.0.1\java\modules\ext\hibernate4\ehcache-core-2.4.3.jar;E:\Programy\NetBeans 8.0.1\java\modules\ext\hibernate4\hibernate-ehcache-4.3.1.Final.jar;E:\Programy\NetBeans 8.0.1\java\modules\ext\hibernate4\hibernate-core-4.3.1.Final.jar;E:\Programy\NetBeans 8.0.1\java\modules\ext\hibernate4\jboss-logging-3.1.3.GA.jar;E:\Programy\NetBeans 8.0.1\java\modules\ext\hibernate4\hibernate-commons-annotations-4.0.4.Final.jar;E:\Programy\NetBeans 8.0.1\java\modules\ext\hibernate4\hibernate-entitymanager-4.3.1.Final.jar;E:\Programy\NetBeans 8.0.1\java\modules\ext\hibernate4\javassist-3.18.1-GA.jar;E:\Programy\NetBeans 8.0.1\java\modules\ext\hibernate4\jboss-transaction-api_1.2_spec-1.0.0.Final.jar;E:\Programy\NetBeans 8.0.1\java\modules\ext\hibernate4\slf4j-api-1.6.1.jar;E:\Programy\NetBeans 8.0.1\java\modules\ext\hibernate4\slf4j-simple-1.6.1.jar;E:\Programy\NetBeans 8.0.1\java\modules\ext\hibernate4\hibernate-jpa-2.1-api-1.0.0.Final.jar" />
    <property name="javac.compilerargs" value="" />
    <property name="ant.file" value="E:\Dokumenty\Paweł\NetBeansProjects\HibernateOneToMany\build.xml" />
    <property name="libs.beans-binding.maven-pom" value="" />
    <property name="libs.hibernate4-support.javadoc" value="E:\Programy\NetBeans 8.0.1\java\modules\ext\docs\javax.persistence-2.1.0-doc.zip" />
    <property name="libs.jsf12.classpath" value="E:\Programy\NetBeans 8.0.1\enterprise\modules\ext\jsf-1_2\commons-beanutils.jar;E:\Programy\NetBeans 8.0.1\enterprise\modules\ext\jsf-1_2\commons-collections.jar;E:\Programy\NetBeans 8.0.1\enterprise\modules\ext\jsf-1_2\commons-digester.jar;E:\Programy\NetBeans 8.0.1\enterprise\modules\ext\jsf-1_2\commons-logging.jar;E:\Programy\NetBeans 8.0.1\enterprise\modules\ext\jsf-1_2\jsf-api.jar;E:\Programy\NetBeans 8.0.1\enterprise\modules\ext\jsf-1_2\jsf-impl.jar" />
    <property name="libs.jstl.maven-pom" value="" />
    <property name="libs.restapi.maven-pom" value="" />
    <property name="libs.beans-binding.src" value="" />
    <property name="java.vm.specification.vendor" value="Oracle Corporation" />
    <property name="libs.DataBindingME-PIM.javadoc" value="E:\Programy\NetBeans 8.0.1\mobility\modules\docs\netbeans_databindingme_pim-api.zip" />
    <property name="libs.swing-layout.src" value="E:\Programy\NetBeans 8.0.1\platform\docs\swing-layout-1.0.4-src.zip" />
    <property name="org.openide.major.version" value="IDE/1" />
    <property name="java.vm.name" value="Java HotSpot(TM) Client VM" />
    <property name="netbeans.user" value="C:\Documents and Settings\Paweł\Dane aplikacji\NetBeans\8.0.1" />
    <property name="javadoc.additionalparam" value="" />
    <property name="java.io.tmpdir" value="C:\DOCUME~1\PAWE~1\USTAWI~1\Temp\" />
    <property name="java.vendor.url" value="http://java.oracle.com/" />
    <property name="endorsed.classpath.cmd.line.arg" value="" />
    <property name="junit.available" value="true" />
    <property name="libs.jsp-compiler.src" value="" />
    <property name="sun.boot.library.path" value="E:\Programy\Java\jdk1.7.0_67\jre\bin" />
    <property name="have.sources" value="true" />
    <property name="debug.classpath" value="E:\Programy\NetBeans 8.0.1\java\modules\ext\hibernate4\antlr-2.7.7.jar;E:\Programy\NetBeans 8.0.1\java\modules\ext\hibernate4\c3p0-0.9.2.1.jar;E:\Programy\NetBeans 8.0.1\java\modules\ext\hibernate4\hibernate-c3p0-4.3.1.Final.jar;E:\Programy\NetBeans 8.0.1\java\modules\ext\hibernate4\mchange-commons-java-0.2.3.4.jar;E:\Programy\NetBeans 8.0.1\java\modules\ext\hibernate4\dom4j-1.6.1.jar;E:\Programy\NetBeans 8.0.1\java\modules\ext\hibernate4\ehcache-core-2.4.3.jar;E:\Programy\NetBeans 8.0.1\java\modules\ext\hibernate4\hibernate-ehcache-4.3.1.Final.jar;E:\Programy\NetBeans 8.0.1\java\modules\ext\hibernate4\hibernate-core-4.3.1.Final.jar;E:\Programy\NetBeans 8.0.1\java\modules\ext\hibernate4\jboss-logging-3.1.3.GA.jar;E:\Programy\NetBeans 8.0.1\java\modules\ext\hibernate4\hibernate-commons-annotations-4.0.4.Final.jar;E:\Programy\NetBeans 8.0.1\java\modules\ext\hibernate4\hibernate-entitymanager-4.3.1.Final.jar;E:\Programy\NetBeans 8.0.1\java\modules\ext\hibernate4\javassist-3.18.1-GA.jar;E:\Programy\NetBeans 8.0.1\java\modules\ext\hibernate4\jboss-transaction-api_1.2_spec-1.0.0.Final.jar;E:\Programy\NetBeans 8.0.1\java\modules\ext\hibernate4\slf4j-api-1.6.1.jar;E:\Programy\NetBeans 8.0.1\java\modules\ext\hibernate4\slf4j-simple-1.6.1.jar;E:\Programy\NetBeans 8.0.1\java\modules\ext\hibernate4\hibernate-jpa-2.1-api-1.0.0.Final.jar:build/classes" />
    <property name="javadoc.private" value="false" />
    <property name="test.src.dir" value="test" />
    <property name="libs.jsf20.classpath" value="E:\Programy\NetBeans 8.0.1\enterprise\modules\ext\jsf-2_2\javax.faces.jar" />
    <property name="ap.processors.internal" value="" />
    <property name="meta.inf.dir" value="src/META-INF" />
    <property name="javadoc.encoding.used" value="UTF-8" />
    <property name="libs.DataBindingME-SVG.src" value="E:\Programy\NetBeans 8.0.1\mobility\sources\netbeans_databindingme_svg-src.zip" />
    <property name="dist.jar" value="dist/HibernateOneToMany.jar" />
    <property name="libs.spring-framework400.maven-pom" value="" />
    <property name="netbeans.automatic.build" value="true" />
    <property name="java.runtime.name" value="Java(TM) SE Runtime Environment" />
    <property name="ant.project.name" value="HibernateOneToMany" />
    <property name="netbeans.hash.code" value="unique=NB_CND_EXTIDE_GFMOD_GROOVY_JAVA_JC_MOB_PHP_WEBCOMMON_WEBEE05a36649a-5fb2-4464-b74e-bb352f39ca58_2295dde7-0c37-484a-9038-d90b43af5fb3" />
    <property name="netbeans.default_userdir_root" value="C:\Documents and Settings\Paweł\Dane aplikacji\NetBeans" />
    <property name="libs.jsp-compilation-syscp.maven-pom" value="" />
    <property name="sun.cpu.isalist" value="" />
    <property name="libs.spring-framework400.javadoc" value="" />
    <property name="libs.CopyLibs.javadoc" value="" />
    <property name="org.openide.specification.version" value="6.2" />
    <property name="libs.DataBindingME-PIM.classpath" value="E:\Programy\NetBeans 8.0.1\mobility\modules\ext\netbeans_databindingme_pim.jar" />
    <property name="libs.hibernate-support.classpath" value="" />
    <property name="user.home" value="C:\Documents and Settings\Paweł" />
    <property name="annotation.processing.processors.list" value="" />
    <property name="libs.primefaces.maven-pom" value="" />
    <property name="debug-args-line" value="-Xdebug" />
    <property name="libs.javaee-api-6.0.maven-pom" value="" />
    <property name="libs.JWSAntTasks.src" value="" />
    <property name="jar.index" value="false" />
    <property name="libs.CopyLibs.maven-pom" value="" />
    <property name="libs.spring-framework300.javadoc" value="" />
    <property name="libs.absolutelayout.javadoc" value="" />
    <property name="java.specification.name" value="Java Platform API Specification" />
    <property name="do.archive+main.class.available" value="true" />
    <property name="java.specification.vendor" value="Oracle Corporation" />
    <property name="libs.javac-api.classpath" value="E:\Programy\NetBeans 8.0.1\java\modules\ext\nb-javac-api.jar" />
    <property name="java.version" value="1.7.0_67" />
    <property name="run.jvmargs.ide" value="" />
    <property name="javadoc.version" value="false" />
    <property name="libs.MySQLDriver.javadoc" value="" />
    <property name="org.openide.version" value="deprecated" />
    <property name="platform.java" value="E:\Programy\Java\jdk1.7.0_67\jre/bin/java" />
    <property name="source.encoding" value="UTF-8" />
    <property name="ap.cmd.line.internal" value="" />
    <property name="libs.eclipselinkmodelgen.maven-pom" value="" />
    <property name="libs.jsp-compilation-syscp.javadoc" value="" />
    <property name="libs.junit.maven-pom" value="" />
    <property name="libs.eclipselinkmodelgen.javadoc" value="" />
    <property name="libs.javaee-endorsed-api-7.0.classpath" value="E:\Programy\NetBeans 8.0.1\enterprise\modules\ext\javaee7-endorsed\javax.annotation-api.jar;E:\Programy\NetBeans 8.0.1\enterprise\modules\ext\javaee7-endorsed\javax.xml.soap-api.jar;E:\Programy\NetBeans 8.0.1\enterprise\modules\ext\javaee7-endorsed\jaxb-api-osgi.jar;E:\Programy\NetBeans 8.0.1\enterprise\modules\ext\javaee7-endorsed\jaxws-api.jar;E:\Programy\NetBeans 8.0.1\enterprise\modules\ext\javaee7-endorsed\jsr181-api.jar" />
    <property name="libs.metro.javadoc" value="E:\Programy\NetBeans 8.0.1\enterprise\docs\metro-1.4-doc.zip" />
    <property name="libs.struts.maven-pom" value="" />
    <property name="netbeans.home+have.tests" value="true" />
    <property name="annotation.processing.processor.options" value="" />
    <property name="libs.testng.maven-pom" value="" />
    <property name="libs.jaxb.src" value="" />
    <property name="work.dir" value="E:\Dokumenty\Paweł\NetBeansProjects\HibernateOneToMany" />
    <property name="libs.jaxb.classpath" value="E:\Programy\NetBeans 8.0.1\ide\modules\ext\jaxb\jaxb-impl.jar;E:\Programy\NetBeans 8.0.1\ide\modules\ext\jaxb\jaxb-xjc.jar;E:\Programy\NetBeans 8.0.1\ide\modules\ext\jaxb\jaxb1-impl.jar;E:\Programy\NetBeans 8.0.1\ide\modules\ext\jaxb\activation.jar;E:\Programy\NetBeans 8.0.1\ide\modules\ext\jaxb\api\jaxb-api.jar;E:\Programy\NetBeans 8.0.1\ide\modules\ext\jaxb\api\jsr173_1.0_api.jar" />
    <property name="do.depend" value="false" />
    <property name="dist.javadoc.dir" value="dist/javadoc" />
    <property name="libs.j2me_common_ant.classpath" value="E:\Programy\NetBeans 8.0.1\mobility\modules\org-netbeans-modules-j2me-common-ant.jar;E:\Programy\NetBeans 8.0.1\java\modules\org-netbeans-modules-classfile.jar" />
    <property name="libs.spring-webmvc3.0.classpath" value="E:\Programy\NetBeans 8.0.1\java\modules\ext\spring-3.0\spring-webmvc-3.2.7.RELEASE.jar" />
    <property name="libs.swing-layout.classpath" value="E:\Programy\NetBeans 8.0.1\platform\modules\ext\swing-layout-1.0.4.jar" />
    <property name="libs.javaee-web-api-7.0.maven-pom" value="" />
    <property name="libs.restlib.src" value="" />
    <property name="build.generated.dir" value="build/generated" />
    <property name="javac.source" value="1.7" />
    <property name="line.separator" value="&#xd;&#xa;" />
    <property name="java.specification.version" value="1.7" />
    <property name="java.vm.info" value="mixed mode, sharing" />
    <property name="libs.jaxws21.maven-pom" value="" />
    <property name="nb.junit.batch" value="true" />
    <property name="junit.forkmode" value="perTest" />
    <property name="libs.SQLiteDriver.maven-pom" value="" />
    <property name="sun.boot.class.path" value="E:\Programy\Java\jdk1.7.0_67\jre\lib\resources.jar;E:\Programy\Java\jdk1.7.0_67\jre\lib\rt.jar;E:\Programy\Java\jdk1.7.0_67\jre\lib\sunrsasign.jar;E:\Programy\Java\jdk1.7.0_67\jre\lib\jsse.jar;E:\Programy\Java\jdk1.7.0_67\jre\lib\jce.jar;E:\Programy\Java\jdk1.7.0_67\jre\lib\charsets.jar;E:\Programy\Java\jdk1.7.0_67\jre\lib\jfr.jar;E:\Programy\Java\jdk1.7.0_67\jre\classes" />
    <property name="javac.target" value="1.7" />
    <property name="built-jar.properties" value="E:\Dokumenty\Paweł\NetBeansProjects\HibernateOneToMany\build\built-jar.properties" />
    <property name="libs.SQLiteDriver.javadoc" value="" />
    <property name="build.test.classes.dir" value="build/test/classes" />
    <property name="src.dir" value="src" />
    <property name="sun.awt.keepWorkingSetOnMinimize" value="true" />
    <property name="libs.jpa2-persistence.src" value="" />
    <property name="annotation.processing.enabled" value="true" />
    <property name="libs.jsf20.src" value="" />
    <property name="libs.jpa20-persistence.src" value="" />
    <property name="libs.DataBindingME-SVG.maven-pom" value="" />
    <property name="libs.jsf12.src" value="" />
    <property name="libs.JAVADB_DRIVER_LABEL.maven-pom" value="" />
    <property name="libs.struts.javadoc" value="E:\Programy\NetBeans 8.0.1\enterprise\docs\struts-1.3.10-javadoc.zip" />
    <property name="ignore.failing.tests" value="true" />
    <property name="libs.javaee-web-api-7.0.src" value="" />
    <property name="libs.primefaces.src" value="" />
    <property name="dist.dir" value="dist" />
    <property name="libs.groovy-all.javadoc" value="" />
    <property name="testng.debug.mode" value="" />
    <property name="javac.fork" value="false" />
    <property name="libs.groovy-all.classpath" value="E:\Programy\NetBeans 8.0.1\groovy\modules\ext\groovy-all.jar" />
    <property name="java.awt.printerjob" value="sun.awt.windows.WPrinterJob" />
    <property name="default.javac.source" value="1.7" />
    <property name="debug-transport-by-os" value="dt_shmem" />
    <property name="sun.jnu.encoding" value="Cp1250" />
    <property name="libs.MySQLDriver.src" value="" />
    <property name="build.test.results.dir" value="build/test/results" />
    <property name="java.runtime.version" value="1.7.0_67-b01" />
    <property name="libs.ejb3-persistence.javadoc" value="" />
    <property name="default.javac.target" value="1.7" />
    <property name="libs.junit_4.classpath" value="E:\Programy\NetBeans 8.0.1\platform\modules\ext\junit-4.10.jar" />
    <property name="user.timezone" value="" />
    <property name="nb.junit.single" value="false" />
    <property name="do.jar" value="true" />
    <property name="libs.javaee-endorsed-api-6.0.maven-pom" value="" />
    <property name="libs.JAVADB_DRIVER_LABEL.javadoc" value="" />
    <property name="netbeans.dirs" value="E:\Programy\NetBeans 8.0.1\nb;E:\Programy\NetBeans 8.0.1\ergonomics;E:\Programy\NetBeans 8.0.1\ide;E:\Programy\NetBeans 8.0.1\extide;E:\Programy\NetBeans 8.0.1\java;E:\Programy\NetBeans 8.0.1\apisupport;E:\Programy\NetBeans 8.0.1\webcommon;E:\Programy\NetBeans 8.0.1\websvccommon;E:\Programy\NetBeans 8.0.1\enterprise;E:\Programy\NetBeans 8.0.1\mobility;E:\Programy\NetBeans 8.0.1\profiler;E:\Programy\NetBeans 8.0.1\python;E:\Programy\NetBeans 8.0.1\php;E:\Programy\NetBeans 8.0.1\identity;E:\Programy\NetBeans 8.0.1\harness;E:\Programy\NetBeans 8.0.1\cnd;E:\Programy\NetBeans 8.0.1\dlight;E:\Programy\NetBeans 8.0.1\groovy;E:\Programy\NetBeans 8.0.1\extra;E:\Programy\NetBeans 8.0.1\javacard;E:\Programy\NetBeans 8.0.1\javafx" />
    <property name="libs.jstl.javadoc" value="E:\Programy\NetBeans 8.0.1\enterprise\docs\javaee-doc-api.jar" />
    <property name="libs.jsf20.javadoc" value="E:\Programy\NetBeans 8.0.1\enterprise\docs\javaee-doc-api.jar" />
    <property name="java.ext.dirs" value="E:\Programy\Java\jdk1.7.0_67\jre\lib\ext;C:\WINDOWS\Sun\Java\lib\ext" />
    <property name="libs.metro.src" value="" />
    <property name="endorsed.classpath" value="" />
    <property name="libs.absolutelayout.classpath" value="E:\Programy\NetBeans 8.0.1\java\modules\ext\AbsoluteLayout.jar" />
    <property name="excludes" value="" />
    <property name="libs.metro.classpath" value="E:\Programy\NetBeans 8.0.1\ide\modules\ext\jaxb\activation.jar;E:\Programy\NetBeans 8.0.1\enterprise\modules\ext\metro\webservices-api.jar;E:\Programy\NetBeans 8.0.1\enterprise\modules\ext\metro\webservices-extra-api.jar;E:\Programy\NetBeans 8.0.1\enterprise\modules\ext\metro\webservices-extra.jar;E:\Programy\NetBeans 8.0.1\enterprise\modules\ext\metro\webservices-rt.jar;E:\Programy\NetBeans 8.0.1\enterprise\modules\ext\metro\webservices-tools.jar" />
    <property name="libs.restlib.maven-pom" value="" />
    <property name="libs.jpa2-persistence.javadoc" value="E:\Programy\NetBeans 8.0.1\java\modules\ext\docs\javax.persistence-2.1.0-doc.zip" />
    <property name="libs.DataBindingME.javadoc" value="E:\Programy\NetBeans 8.0.1\mobility\modules\docs\netbeans_databindingme-api.zip" />
    <property name="apple.laf.useScreenMenuBar" value="true" />
    <property name="java.class.path" value="E:\Programy\NetBeans 8.0.1\java\modules\ext\hibernate4\antlr-2.7.7.jar;E:\Programy\NetBeans 8.0.1\java\modules\ext\hibernate4\c3p0-0.9.2.1.jar;E:\Programy\NetBeans 8.0.1\java\modules\ext\hibernate4\hibernate-c3p0-4.3.1.Final.jar;E:\Programy\NetBeans 8.0.1\java\modules\ext\hibernate4\mchange-commons-java-0.2.3.4.jar;E:\Programy\NetBeans 8.0.1\java\modules\ext\hibernate4\dom4j-1.6.1.jar;E:\Programy\NetBeans 8.0.1\java\modules\ext\hibernate4\ehcache-core-2.4.3.jar;E:\Programy\NetBeans 8.0.1\java\modules\ext\hibernate4\hibernate-ehcache-4.3.1.Final.jar;E:\Programy\NetBeans 8.0.1\java\modules\ext\hibernate4\hibernate-core-4.3.1.Final.jar;E:\Programy\NetBeans 8.0.1\java\modules\ext\hibernate4\jboss-logging-3.1.3.GA.jar;E:\Programy\NetBeans 8.0.1\java\modules\ext\hibernate4\hibernate-commons-annotations-4.0.4.Final.jar;E:\Programy\NetBeans 8.0.1\java\modules\ext\hibernate4\hibernate-entitymanager-4.3.1.Final.jar;E:\Programy\NetBeans 8.0.1\java\modules\ext\hibernate4\javassist-3.18.1-GA.jar;E:\Programy\NetBeans 8.0.1\java\modules\ext\hibernate4\jboss-transaction-api_1.2_spec-1.0.0.Final.jar;E:\Programy\NetBeans 8.0.1\java\modules\ext\hibernate4\slf4j-api-1.6.1.jar;E:\Programy\NetBeans 8.0.1\java\modules\ext\hibernate4\slf4j-simple-1.6.1.jar;E:\Programy\NetBeans 8.0.1\java\modules\ext\hibernate4\hibernate-jpa-2.1-api-1.0.0.Final.jar;E:\Dokumenty\Paweł\NetBeansProjects\HibernateOneToMany\build\classes;E:\Programy\NetBeans 8.0.1\platform\modules\ext\junit-4.10.jar;E:\Dokumenty\Paweł\NetBeansProjects\HibernateOneToMany\build\test\classes;E:\Programy\NetBeans 8.0.1\extide\ant\lib\ant-launcher.jar;E:\Programy\NetBeans 8.0.1\extide\ant\lib\ant.jar;E:\Programy\NetBeans 8.0.1\extide\ant\lib\ant-junit.jar;E:\Programy\NetBeans 8.0.1\extide\ant\lib\ant-junit4.jar" />
    <property name="do.mkdist" value="true" />
    <property name="libs.absolutelayout.src" value="" />
    <property name="libs.jpa20-persistence.classpath" value="E:\Programy\NetBeans 8.0.1\java\modules\ext\eclipselink\javax.persistence_2.1.0.v201304241213.jar" />
    <property name="libs.SQLiteDriver.src" value="" />
    <property name="os.version" value="5.1" />
    <property name="application.args" value="" />
    <property name="libs.javaee-api-7.0.maven-pom" value="" />
    <property name="main.class.available" value="true" />
    <property name="sun.awt.enableExtraMouseButtons" value="true" />
    <property name="sun.desktop" value="windows" />
    <property name="libs.hibernate4-persistence.src" value="" />
    <property name="libs.hibernate4-support.maven-pom" value="" />
    <property name="libs.restlib.javadoc" value="" />
    <property name="libs.JAXB-ENDORSED.classpath" value="E:\Programy\NetBeans 8.0.1\ide\modules\ext\jaxb\api\jaxb-api.jar" />
    <property name="nb.internal.action.name" value="test" />
    <property name="libs.javaee-api-7.0.javadoc" value="E:\Programy\NetBeans 8.0.1\enterprise\docs\javaee-doc-api.jar" />
    <property name="libs.eclipselink.classpath" value="E:\Programy\NetBeans 8.0.1\java\modules\ext\eclipselink\eclipselink.jar;E:\Programy\NetBeans 8.0.1\java\modules\ext\eclipselink\javax.persistence_2.1.0.v201304241213.jar;E:\Programy\NetBeans 8.0.1\java\modules\ext\eclipselink\org.eclipse.persistence.jpa.jpql_2.5.2.v20140319-9ad6abd.jar" />
    <property name="libs.beans-binding.javadoc" value="E:\Programy\NetBeans 8.0.1\java\docs\beansbinding-1.2.1-doc.zip" />
    <property name="java.awt.graphicsenv" value="sun.awt.Win32GraphicsEnvironment" />
    <property name="java.vm.vendor" value="Oracle Corporation" />
    <property name="libs.CopyLibs.classpath" value="E:\Programy\NetBeans 8.0.1\java\ant\extra\org-netbeans-modules-java-j2seproject-copylibstask.jar" />
    <property name="libs.spring-framework300.classpath" value="E:\Programy\NetBeans 8.0.1\ide\modules\org-apache-commons-logging.jar;E:\Programy\NetBeans 8.0.1\java\modules\ext\cglib-2.2.jar;E:\Programy\NetBeans 8.0.1\java\modules\ext\spring-3.0\spring-aop-3.2.7.RELEASE.jar;E:\Programy\NetBeans 8.0.1\java\modules\ext\spring-3.0\spring-aspects-3.2.7.RELEASE.jar;E:\Programy\NetBeans 8.0.1\java\modules\ext\spring-3.0\spring-beans-3.2.7.RELEASE.jar;E:\Programy\NetBeans 8.0.1\java\modules\ext\spring-3.0\spring-build-src-3.2.7.RELEASE.jar;E:\Programy\NetBeans 8.0.1\java\modules\ext\spring-3.0\spring-context-3.2.7.RELEASE.jar;E:\Programy\NetBeans 8.0.1\java\modules\ext\spring-3.0\spring-context-support-3.2.7.RELEASE.jar;E:\Programy\NetBeans 8.0.1\java\modules\ext\spring-3.0\spring-core-3.2.7.RELEASE.jar;E:\Programy\NetBeans 8.0.1\java\modules\ext\spring-3.0\spring-expression-3.2.7.RELEASE.jar;E:\Programy\NetBeans 8.0.1\java\modules\ext\spring-3.0\spring-framework-bom-3.2.7.RELEASE.jar;E:\Programy\NetBeans 8.0.1\java\modules\ext\spring-3.0\spring-instrument-3.2.7.RELEASE.jar;E:\Programy\NetBeans 8.0.1\java\modules\ext\spring-3.0\spring-instrument-tomcat-3.2.7.RELEASE.jar;E:\Programy\NetBeans 8.0.1\java\modules\ext\spring-3.0\spring-jdbc-3.2.7.RELEASE.jar;E:\Programy\NetBeans 8.0.1\java\modules\ext\spring-3.0\spring-jms-3.2.7.RELEASE.jar;E:\Programy\NetBeans 8.0.1\java\modules\ext\spring-3.0\spring-orm-3.2.7.RELEASE.jar;E:\Programy\NetBeans 8.0.1\java\modules\ext\spring-3.0\spring-oxm-3.2.7.RELEASE.jar;E:\Programy\NetBeans 8.0.1\java\modules\ext\spring-3.0\spring-struts-3.2.7.RELEASE.jar;E:\Programy\NetBeans 8.0.1\java\modules\ext\spring-3.0\spring-test-3.2.7.RELEASE.jar;E:\Programy\NetBeans 8.0.1\java\modules\ext\spring-3.0\spring-tx-3.2.7.RELEASE.jar;E:\Programy\NetBeans 8.0.1\java\modules\ext\spring-3.0\spring-web-3.2.7.RELEASE.jar;E:\Programy\NetBeans 8.0.1\java\modules\ext\spring-3.0\spring-webmvc-3.2.7.RELEASE.jar;E:\Programy\NetBeans 8.0.1\java\modules\ext\spring-3.0\spring-webmvc-portlet-3.2.7.RELEASE.jar" />
    <property name="libs.jsp-compiler.maven-pom" value="" />
    <property name="run.jvmargs" value="" />
    <property name="libs.hibernate4-persistence.classpath" value="E:\Programy\NetBeans 8.0.1\java\modules\ext\hibernate4\antlr-2.7.7.jar;E:\Programy\NetBeans 8.0.1\java\modules\ext\hibernate4\c3p0-0.9.2.1.jar;E:\Programy\NetBeans 8.0.1\java\modules\ext\hibernate4\hibernate-c3p0-4.3.1.Final.jar;E:\Programy\NetBeans 8.0.1\java\modules\ext\hibernate4\mchange-commons-java-0.2.3.4.jar;E:\Programy\NetBeans 8.0.1\java\modules\ext\hibernate4\dom4j-1.6.1.jar;E:\Programy\NetBeans 8.0.1\java\modules\ext\hibernate4\ehcache-core-2.4.3.jar;E:\Programy\NetBeans 8.0.1\java\modules\ext\hibernate4\hibernate-ehcache-4.3.1.Final.jar;E:\Programy\NetBeans 8.0.1\java\modules\ext\hibernate4\hibernate-core-4.3.1.Final.jar;E:\Programy\NetBeans 8.0.1\java\modules\ext\hibernate4\jboss-logging-3.1.3.GA.jar;E:\Programy\NetBeans 8.0.1\java\modules\ext\hibernate4\hibernate-commons-annotations-4.0.4.Final.jar;E:\Programy\NetBeans 8.0.1\java\modules\ext\hibernate4\hibernate-entitymanager-4.3.1.Final.jar;E:\Programy\NetBeans 8.0.1\java\modules\ext\hibernate4\javassist-3.18.1-GA.jar;E:\Programy\NetBeans 8.0.1\java\modules\ext\hibernate4\jboss-transaction-api_1.2_spec-1.0.0.Final.jar;E:\Programy\NetBeans 8.0.1\java\modules\ext\hibernate4\slf4j-api-1.6.1.jar;E:\Programy\NetBeans 8.0.1\java\modules\ext\hibernate4\slf4j-simple-1.6.1.jar;E:\Programy\NetBeans 8.0.1\java\modules\ext\hibernate4\hibernate-jpa-2.1-api-1.0.0.Final.jar" />
    <property name="libs.ejb3-persistence.classpath" value="" />
    <property name="libs.JAXB-ENDORSED.src" value="" />
    <property name="libs.testng.javadoc" value="E:\Programy\NetBeans 8.0.1\platform\docs\testng-6.8.1-javadoc.zip" />
    <property name="libs.DataBindingME-PIM.src" value="E:\Programy\NetBeans 8.0.1\mobility\sources\netbeans_databindingme_pim-src.zip" />
    <property name="user.script" value="" />
    <property name="libs.PostgreSQLDriver.classpath" value="E:\Programy\NetBeans 8.0.1\ide\modules\ext\postgresql-9.2-1002.jdbc4.jar" />
    <property name="libs.jsf12.maven-pom" value="" />
    <property name="libs.hibernate4-persistencemodelgen.classpath" value="E:\Programy\NetBeans 8.0.1\java\modules\ext\hibernate4\hibernate-jpamodelgen-4.3.1.Final.jar" />
    <property name="libs.junit.src" value="" />
    <property name="annotation.processing.source.output" value="build/generated-sources/ap-source-output" />
    <property name="main.class" value="hibernateonetomany.HibernateOneToMany" />
    <property name="libs.CopyLibs.src" value="" />
    <property name="build.dir" value="build" />
    <property name="libs.jsp-compilation.classpath" value="E:\Programy\NetBeans 8.0.1\extide\ant\lib\ant.jar;E:\Programy\NetBeans 8.0.1\enterprise\modules\ext\servlet3.1-jsp2.3-api.jar;E:\Programy\NetBeans 8.0.1\enterprise\modules\ext\glassfish-jspparser-4.0.jar;E:\Programy\NetBeans 8.0.1\enterprise\modules\ext\jsf-2_2\javax.faces.jar;E:\Programy\NetBeans 8.0.1\enterprise\modules\ext\jstl-api.jar;E:\Programy\NetBeans 8.0.1\extide\ant\lib\ant-launcher.jar" />
    <property name="ant.version" value="Apache Ant(TM) version 1.9.4 compiled on April 29 2014" />
    <property name="build.classes.excludes" value="**/*.java,**/*.form" />
    <property name="file.encoding" value="Cp1250" />
    <property name="jdkBug6558476" value="false" />
    <property name="javadoc.nonavbar" value="false" />
    <property name="libs.spring-webmvc4.0.classpath" value="E:\Programy\NetBeans 8.0.1\java\modules\ext\spring-4\spring-webmvc-4.0.1.RELEASE.jar" />
    <property name="platform.active" value="default_platform" />
    <property name="awt.toolkit" value="sun.awt.windows.WToolkit" />
    <property name="libs.javaee-web-api-7.0.javadoc" value="E:\Programy\NetBeans 8.0.1\enterprise\docs\javaee-doc-api.jar" />
  </properties>
  <testcase classname="hibernateonetomany.CertificateTest" name="testAccessors[0]" time="0.0" />
  <testcase classname="hibernateonetomany.CertificateTest" name="testEquals[0]" time="0.0" />
  <testcase classname="hibernateonetomany.CertificateTest" name="testHashCode[0]" time="0.0" />
  <testcase classname="hibernateonetomany.CertificateTest" name="testConstructor[0]" time="0.0" />
  <testcase classname="hibernateonetomany.CertificateTest" name="testAccessors[1]" time="0.0" />
  <testcase classname="hibernateonetomany.CertificateTest" name="testEquals[1]" time="0.0" />
  <testcase classname="hibernateonetomany.CertificateTest" name="testHashCode[1]" time="0.0" />
  <testcase classname="hibernateonetomany.CertificateTest" name="testConstructor[1]" time="0.0" />
  <testcase classname="hibernateonetomany.CertificateTest" name="testAccessors[2]" time="0.0" />
  <testcase classname="hibernateonetomany.CertificateTest" name="testEquals[2]" time="0.0" />
  <testcase classname="hibernateonetomany.CertificateTest" name="testHashCode[2]" time="0.0" />
  <testcase classname="hibernateonetomany.CertificateTest" name="testConstructor[2]" time="0.0" />
  <testcase classname="hibernateonetomany.CertificateTest" name="testAccessors[3]" time="0.0" />
  <testcase classname="hibernateonetomany.CertificateTest" name="testEquals[3]" time="0.0" />
  <testcase classname="hibernateonetomany.CertificateTest" name="testHashCode[3]" time="0.0" />
  <testcase classname="hibernateonetomany.CertificateTest" name="testConstructor[3]" time="0.0" />
  <testcase classname="hibernateonetomany.CertificateTest" name="testAccessors[4]" time="0.0" />
  <testcase classname="hibernateonetomany.CertificateTest" name="testEquals[4]" time="0.0" />
  <testcase classname="hibernateonetomany.CertificateTest" name="testHashCode[4]" time="0.0" />
  <testcase classname="hibernateonetomany.CertificateTest" name="testConstructor[4]" time="0.0" />
  <system-out><![CDATA[]]></system-out>
  <system-err><![CDATA[]]></system-err>
</testsuite>
